2018-04-06 01:05:07,724 p=3058 u=trainer |   [WARNING]: Could not match supplied host pattern, ignoring: all

2018-04-06 01:05:07,724 p=3058 u=trainer |   [WARNING]: provided hosts list is empty, only localhost is available

2018-04-06 01:05:07,738 p=3058 u=trainer |  ERROR! Syntax Error while loading YAML.


The error appears to have been in '/home/trainer/Desktop/day3/containers/provisioncontainers.yml': line 16, column 5, but may
be elsewhere in the file depending on the exact syntax problem.

The offending line appears to be:

        - "800{{item}}:80"
    sequence: start=1 end=4
    ^ here

exception type: <class 'yaml.parser.ParserError'>
exception: while parsing a block collection
  in "<unicode string>", line 5, column 4
did not find expected '-' indicator
  in "<unicode string>", line 16, column 5
2018-04-06 01:07:21,711 p=3097 u=trainer |   [WARNING]: Could not match supplied host pattern, ignoring: all

2018-04-06 01:07:21,711 p=3097 u=trainer |   [WARNING]: provided hosts list is empty, only localhost is available

2018-04-06 01:07:21,734 p=3097 u=trainer |  ERROR! Syntax Error while loading YAML.


The error appears to have been in '/home/trainer/Desktop/day3/containers/provisioncontainers.yml': line 16, column 5, but may
be elsewhere in the file depending on the exact syntax problem.

The offending line appears to be:

        - "800{{item}}:80"
    sequence: start=1 end=4
    ^ here

exception type: <class 'yaml.parser.ParserError'>
exception: while parsing a block collection
  in "<unicode string>", line 5, column 4
did not find expected '-' indicator
  in "<unicode string>", line 16, column 5
2018-04-06 01:13:15,550 p=3322 u=trainer |   [WARNING]: Could not match supplied host pattern, ignoring: all

2018-04-06 01:13:15,550 p=3322 u=trainer |   [WARNING]: provided hosts list is empty, only localhost is available

2018-04-06 01:13:15,875 p=3322 u=trainer |  PLAY [This playbopok will start a container on the fly] ************************************************************************************
2018-04-06 01:13:15,885 p=3322 u=trainer |  TASK [Gathering Facts] *********************************************************************************************************************
2018-04-06 01:13:16,849 p=3322 u=trainer |  ok: [localhost]
2018-04-06 01:13:16,856 p=3322 u=trainer |  TASK [Provision a docker container - start a docker container] *****************************************************************************
2018-04-06 01:13:18,602 p=3322 u=trainer |  changed: [localhost] => (item=1)
2018-04-06 01:13:19,832 p=3322 u=trainer |  changed: [localhost] => (item=2)
2018-04-06 01:13:21,328 p=3322 u=trainer |  changed: [localhost] => (item=3)
2018-04-06 01:13:22,419 p=3322 u=trainer |  changed: [localhost] => (item=4)
2018-04-06 01:13:22,437 p=3322 u=trainer |  TASK [Provision a docker container - start a docker container] *****************************************************************************
2018-04-06 01:13:23,806 p=3322 u=trainer |  changed: [localhost] => (item=1)
2018-04-06 01:13:25,125 p=3322 u=trainer |  changed: [localhost] => (item=2)
2018-04-06 01:13:27,289 p=3322 u=trainer |  changed: [localhost] => (item=3)
2018-04-06 01:13:28,794 p=3322 u=trainer |  changed: [localhost] => (item=4)
2018-04-06 01:13:28,809 p=3322 u=trainer |  PLAY RECAP *********************************************************************************************************************************
2018-04-06 01:13:28,809 p=3322 u=trainer |  localhost                  : ok=3    changed=2    unreachable=0    failed=0   
2018-04-06 01:16:26,091 p=4328 u=trainer |  172.17.0.3 | SUCCESS => {
    "changed": false, 
    "ping": "pong"
}
2018-04-06 01:16:26,154 p=4328 u=trainer |  172.17.0.6 | SUCCESS => {
    "changed": false, 
    "ping": "pong"
}
2018-04-06 01:16:26,189 p=4328 u=trainer |  172.17.0.8 | SUCCESS => {
    "changed": false, 
    "ping": "pong"
}
2018-04-06 01:16:26,416 p=4328 u=trainer |  172.17.0.7 | UNREACHABLE! => {
    "changed": false, 
    "msg": "Failed to connect to the host via ssh: Permission denied (publickey,gssapi-keyex,gssapi-with-mic,password).\r\n", 
    "unreachable": true
}
2018-04-06 01:16:26,722 p=4328 u=trainer |  172.17.0.2 | SUCCESS => {
    "changed": false, 
    "ping": "pong"
}
2018-04-06 01:16:34,726 p=4328 u=trainer |  172.17.0.4 | SUCCESS => {
    "changed": false, 
    "ping": "pong"
}
2018-04-06 01:16:36,782 p=4328 u=trainer |  172.17.0.9 | SUCCESS => {
    "changed": false, 
    "ping": "pong"
}
2018-04-06 01:16:38,435 p=4328 u=trainer |  172.17.0.5 | SUCCESS => {
    "changed": false, 
    "ping": "pong"
}
2018-04-06 01:16:46,988 p=4672 u=trainer |  172.17.0.4 | SUCCESS => {
    "changed": false, 
    "ping": "pong"
}
2018-04-06 01:16:47,027 p=4672 u=trainer |  172.17.0.3 | SUCCESS => {
    "changed": false, 
    "ping": "pong"
}
2018-04-06 01:16:47,159 p=4672 u=trainer |  172.17.0.6 | SUCCESS => {
    "changed": false, 
    "ping": "pong"
}
2018-04-06 01:16:47,174 p=4672 u=trainer |  172.17.0.8 | SUCCESS => {
    "changed": false, 
    "ping": "pong"
}
2018-04-06 01:16:47,175 p=4672 u=trainer |  172.17.0.9 | SUCCESS => {
    "changed": false, 
    "ping": "pong"
}
2018-04-06 01:16:47,397 p=4672 u=trainer |  172.17.0.7 | UNREACHABLE! => {
    "changed": false, 
    "msg": "Failed to connect to the host via ssh: Permission denied (publickey,gssapi-keyex,gssapi-with-mic,password).\r\n", 
    "unreachable": true
}
2018-04-06 01:16:47,732 p=4672 u=trainer |  172.17.0.5 | SUCCESS => {
    "changed": false, 
    "ping": "pong"
}
2018-04-06 01:16:47,941 p=4672 u=trainer |  172.17.0.2 | SUCCESS => {
    "changed": false, 
    "ping": "pong"
}
2018-04-06 01:18:03,862 p=5104 u=trainer |  PLAY [This playbopok will start a container on the fly] ************************************************************************************
2018-04-06 01:18:03,869 p=5104 u=trainer |  TASK [Gathering Facts] *********************************************************************************************************************
2018-04-06 01:18:04,871 p=5104 u=trainer |  ok: [localhost]
2018-04-06 01:18:04,880 p=5104 u=trainer |  TASK [Provision a docker container - start a docker container] *****************************************************************************
2018-04-06 01:18:05,446 p=5104 u=trainer |  ok: [localhost] => (item=1)
2018-04-06 01:18:05,766 p=5104 u=trainer |  ok: [localhost] => (item=2)
2018-04-06 01:18:06,086 p=5104 u=trainer |  ok: [localhost] => (item=3)
2018-04-06 01:18:06,405 p=5104 u=trainer |  ok: [localhost] => (item=4)
2018-04-06 01:18:06,426 p=5104 u=trainer |  TASK [Provision a docker container - start a docker container] *****************************************************************************
2018-04-06 01:18:06,859 p=5104 u=trainer |  ok: [localhost] => (item=1)
2018-04-06 01:18:07,906 p=5104 u=trainer |  changed: [localhost] => (item=2)
2018-04-06 01:18:08,236 p=5104 u=trainer |  ok: [localhost] => (item=3)
2018-04-06 01:18:08,523 p=5104 u=trainer |  ok: [localhost] => (item=4)
2018-04-06 01:18:08,534 p=5104 u=trainer |  PLAY RECAP *********************************************************************************************************************************
2018-04-06 01:18:08,535 p=5104 u=trainer |  localhost                  : ok=3    changed=1    unreachable=0    failed=0   
2018-04-06 01:22:51,481 p=6073 u=trainer |  PLAY [This playbopok will start a container on the fly] ************************************************************************************
2018-04-06 01:22:51,489 p=6073 u=trainer |  TASK [Gathering Facts] *********************************************************************************************************************
2018-04-06 01:22:52,358 p=6073 u=trainer |  ok: [localhost]
2018-04-06 01:22:52,366 p=6073 u=trainer |  TASK [Provision a docker container - start a docker container] *****************************************************************************
2018-04-06 01:22:53,592 p=6073 u=trainer |  changed: [localhost] => (item=1)
2018-04-06 01:22:54,481 p=6073 u=trainer |  changed: [localhost] => (item=2)
2018-04-06 01:22:55,334 p=6073 u=trainer |  changed: [localhost] => (item=3)
2018-04-06 01:22:56,193 p=6073 u=trainer |  changed: [localhost] => (item=4)
2018-04-06 01:22:56,218 p=6073 u=trainer |  TASK [Provision a docker container - start a docker container] *****************************************************************************
2018-04-06 01:22:57,279 p=6073 u=trainer |  changed: [localhost] => (item=1)
2018-04-06 01:22:58,206 p=6073 u=trainer |  changed: [localhost] => (item=2)
2018-04-06 01:22:59,112 p=6073 u=trainer |  changed: [localhost] => (item=3)
2018-04-06 01:23:00,157 p=6073 u=trainer |  changed: [localhost] => (item=4)
2018-04-06 01:23:00,169 p=6073 u=trainer |  PLAY RECAP *********************************************************************************************************************************
2018-04-06 01:23:00,169 p=6073 u=trainer |  localhost                  : ok=3    changed=2    unreachable=0    failed=0   
2018-04-06 01:26:40,299 p=6872 u=trainer |  ERROR! Syntax Error while loading YAML.


The error appears to have been in '/home/trainer/Desktop/day3/containers/provisioncontainers.yml': line 11, column 19, but may
be elsewhere in the file depending on the exact syntax problem.

The offending line appears to be:

       docker_host:" {{docker_host}}"
       api_version: "{{api_version}}"
                  ^ here
We could be wrong, but this one looks like it might be an issue with
missing quotes.  Always quote template expression brackets when they
start a value. For instance:

    with_items:
      - {{ foo }}

Should be written as:

    with_items:
      - "{{ foo }}"

exception type: <class 'yaml.scanner.ScannerError'>
exception: mapping values are not allowed in this context
  in "<unicode string>", line 11, column 19
2018-04-06 01:27:14,610 p=6912 u=trainer |  PLAY [This playbopok will start a container on the fly] ************************************************************************************
2018-04-06 01:27:14,625 p=6912 u=trainer |  TASK [Gathering Facts] *********************************************************************************************************************
2018-04-06 01:27:15,695 p=6912 u=trainer |  ok: [localhost]
2018-04-06 01:27:15,704 p=6912 u=trainer |  TASK [Provision ubuuntu docker container - start a docker container] ***********************************************************************
2018-04-06 01:27:16,296 p=6912 u=trainer |  ok: [localhost] => (item=1)
2018-04-06 01:27:16,605 p=6912 u=trainer |  ok: [localhost] => (item=2)
2018-04-06 01:27:16,945 p=6912 u=trainer |  ok: [localhost] => (item=3)
2018-04-06 01:27:17,267 p=6912 u=trainer |  ok: [localhost] => (item=4)
2018-04-06 01:27:17,289 p=6912 u=trainer |  TASK [Provision a centos container - start a docker container] *****************************************************************************
2018-04-06 01:27:17,744 p=6912 u=trainer |  ok: [localhost] => (item=1)
2018-04-06 01:27:18,117 p=6912 u=trainer |  ok: [localhost] => (item=2)
2018-04-06 01:27:18,429 p=6912 u=trainer |  ok: [localhost] => (item=3)
2018-04-06 01:27:18,762 p=6912 u=trainer |  ok: [localhost] => (item=4)
2018-04-06 01:27:18,773 p=6912 u=trainer |  PLAY RECAP *********************************************************************************************************************************
2018-04-06 01:27:18,773 p=6912 u=trainer |  localhost                  : ok=3    changed=0    unreachable=0    failed=0   
